<?xml version="1.0" encoding="UTF-8"?>
<!-- Generated by org.testng.reporters.JUnitReportReporter -->
<testsuite hostname="DCDDCD-G5CTLBT0" failures="0" tests="168" name="Runner.TestRunner" time="157.952" errors="0" timestamp="2023-10-08T14:57:09 EDT" skipped="0">
  <testcase classname="Runner.TestRunner" name="runScenario" time="0.425"/>
  <testcase classname="Runner.TestRunner" name="runScenario" time="0.608"/>
  <testcase classname="Runner.TestRunner" name="runScenario" time="0.315"/>
  <testcase classname="Runner.TestRunner" name="runScenario" time="0.608"/>
  <testcase classname="Runner.TestRunner" name="runScenario" time="0.562"/>
  <testcase classname="Runner.TestRunner" name="runScenario" time="2.427"/>
  <testcase classname="Runner.TestRunner" name="runScenario" time="0.581"/>
  <testcase classname="Runner.TestRunner" name="runScenario" time="0.294"/>
  <testcase classname="Runner.TestRunner" name="runScenario" time="1.809"/>
  <testcase classname="Runner.TestRunner" name="runScenario" time="0.305"/>
  <testcase classname="Runner.TestRunner" name="runScenario" time="0.422"/>
  <testcase classname="Runner.TestRunner" name="runScenario" time="2.408"/>
  <testcase classname="Runner.TestRunner" name="runScenario" time="0.591"/>
  <testcase classname="Runner.TestRunner" name="runScenario" time="2.490"/>
  <testcase classname="Runner.TestRunner" name="runScenario" time="0.355"/>
  <testcase classname="Runner.TestRunner" name="runScenario" time="2.494"/>
  <testcase classname="Runner.TestRunner" name="runScenario" time="0.291"/>
  <testcase classname="Runner.TestRunner" name="runScenario" time="0.344"/>
  <testcase classname="Runner.TestRunner" name="runScenario" time="0.573"/>
  <testcase classname="Runner.TestRunner" name="runScenario" time="2.431"/>
  <testcase classname="Runner.TestRunner" name="runScenario" time="0.718"/>
  <testcase classname="Runner.TestRunner" name="runScenario" time="1.716"/>
  <testcase classname="Runner.TestRunner" name="runScenario" time="0.289"/>
  <testcase classname="Runner.TestRunner" name="runScenario" time="0.260"/>
  <testcase classname="Runner.TestRunner" name="runScenario" time="2.427"/>
  <testcase classname="Runner.TestRunner" name="runScenario" time="0.293"/>
  <testcase classname="Runner.TestRunner" name="runScenario" time="0.433"/>
  <testcase classname="Runner.TestRunner" name="runScenario" time="2.403"/>
  <testcase classname="Runner.TestRunner" name="runScenario" time="0.675"/>
  <testcase classname="Runner.TestRunner" name="runScenario" time="0.393"/>
  <testcase classname="Runner.TestRunner" name="runScenario" time="0.697"/>
  <testcase classname="Runner.TestRunner" name="runScenario" time="2.450"/>
  <testcase classname="Runner.TestRunner" name="runScenario" time="2.659"/>
  <testcase classname="Runner.TestRunner" name="runScenario" time="0.272"/>
  <testcase classname="Runner.TestRunner" name="runScenario" time="0.429"/>
  <testcase classname="Runner.TestRunner" name="runScenario" time="0.587"/>
  <testcase classname="Runner.TestRunner" name="runScenario" time="0.495"/>
  <testcase classname="Runner.TestRunner" name="runScenario" time="0.565"/>
  <testcase classname="Runner.TestRunner" name="runScenario" time="0.632"/>
  <testcase classname="Runner.TestRunner" name="runScenario" time="0.614"/>
  <testcase classname="Runner.TestRunner" name="runScenario" time="0.522"/>
  <testcase classname="Runner.TestRunner" name="runScenario" time="0.362"/>
  <testcase classname="Runner.TestRunner" name="runScenario" time="0.307"/>
  <testcase classname="Runner.TestRunner" name="runScenario" time="0.764"/>
  <testcase classname="Runner.TestRunner" name="runScenario" time="2.434"/>
  <testcase classname="Runner.TestRunner" name="runScenario" time="0.573"/>
  <testcase classname="Runner.TestRunner" name="runScenario" time="0.567"/>
  <testcase classname="Runner.TestRunner" name="runScenario" time="0.545"/>
  <testcase classname="Runner.TestRunner" name="runScenario" time="0.274"/>
  <testcase classname="Runner.TestRunner" name="runScenario" time="0.328"/>
  <testcase classname="Runner.TestRunner" name="runScenario" time="2.410"/>
  <testcase classname="Runner.TestRunner" name="runScenario" time="0.286"/>
  <testcase classname="Runner.TestRunner" name="runScenario" time="0.370"/>
  <testcase classname="Runner.TestRunner" name="runScenario" time="0.269"/>
  <testcase classname="Runner.TestRunner" name="runScenario" time="0.591"/>
  <testcase classname="Runner.TestRunner" name="runScenario" time="2.407"/>
  <testcase classname="Runner.TestRunner" name="runScenario" time="0.261"/>
  <testcase classname="Runner.TestRunner" name="runScenario" time="0.402"/>
  <testcase classname="Runner.TestRunner" name="runScenario" time="0.280"/>
  <testcase classname="Runner.TestRunner" name="runScenario" time="0.327"/>
  <testcase classname="Runner.TestRunner" name="runScenario" time="0.258"/>
  <testcase classname="Runner.TestRunner" name="runScenario" time="0.595"/>
  <testcase classname="Runner.TestRunner" name="runScenario" time="2.393"/>
  <testcase classname="Runner.TestRunner" name="runScenario" time="2.398"/>
  <testcase classname="Runner.TestRunner" name="runScenario" time="0.438"/>
  <testcase classname="Runner.TestRunner" name="runScenario" time="0.296"/>
  <testcase classname="Runner.TestRunner" name="runScenario" time="0.290"/>
  <testcase classname="Runner.TestRunner" name="runScenario" time="2.439"/>
  <testcase classname="Runner.TestRunner" name="runScenario" time="1.801"/>
  <testcase classname="Runner.TestRunner" name="runScenario" time="0.372"/>
  <testcase classname="Runner.TestRunner" name="runScenario" time="0.736"/>
  <testcase classname="Runner.TestRunner" name="runScenario" time="0.612"/>
  <testcase classname="Runner.TestRunner" name="runScenario" time="0.601"/>
  <testcase classname="Runner.TestRunner" name="runScenario" time="0.254"/>
  <testcase classname="Runner.TestRunner" name="runScenario" time="0.598"/>
  <testcase classname="Runner.TestRunner" name="runScenario" time="1.292"/>
  <testcase classname="Runner.TestRunner" name="runScenario" time="0.275"/>
  <testcase classname="Runner.TestRunner" name="runScenario" time="0.334"/>
  <testcase classname="Runner.TestRunner" name="runScenario" time="0.336"/>
  <testcase classname="Runner.TestRunner" name="runScenario" time="2.464"/>
  <testcase classname="Runner.TestRunner" name="runScenario" time="0.399"/>
  <testcase classname="Runner.TestRunner" name="runScenario" time="0.316"/>
  <testcase classname="Runner.TestRunner" name="runScenario" time="0.527"/>
  <testcase classname="Runner.TestRunner" name="runScenario" time="0.297"/>
  <testcase classname="Runner.TestRunner" name="runScenario" time="2.371"/>
  <testcase classname="Runner.TestRunner" name="runScenario" time="2.402"/>
  <testcase classname="Runner.TestRunner" name="runScenario" time="0.447"/>
  <testcase classname="Runner.TestRunner" name="runScenario" time="0.283"/>
  <testcase classname="Runner.TestRunner" name="runScenario" time="0.577"/>
  <testcase classname="Runner.TestRunner" name="runScenario" time="0.597"/>
  <testcase classname="Runner.TestRunner" name="runScenario" time="0.702"/>
  <testcase classname="Runner.TestRunner" name="runScenario" time="0.593"/>
  <testcase classname="Runner.TestRunner" name="runScenario" time="0.380"/>
  <testcase classname="Runner.TestRunner" name="runScenario" time="0.618"/>
  <testcase classname="Runner.TestRunner" name="runScenario" time="0.286"/>
  <testcase classname="Runner.TestRunner" name="runScenario" time="0.291"/>
  <testcase classname="Runner.TestRunner" name="runScenario" time="1.386"/>
  <testcase classname="Runner.TestRunner" name="runScenario" time="0.535"/>
  <testcase classname="Runner.TestRunner" name="runScenario" time="0.239"/>
  <testcase classname="Runner.TestRunner" name="runScenario" time="0.524"/>
  <testcase classname="Runner.TestRunner" name="runScenario" time="0.889"/>
  <testcase classname="Runner.TestRunner" name="runScenario" time="2.693"/>
  <testcase classname="Runner.TestRunner" name="runScenario" time="0.326"/>
  <testcase classname="Runner.TestRunner" name="runScenario" time="0.588"/>
  <testcase classname="Runner.TestRunner" name="runScenario" time="0.404"/>
  <testcase classname="Runner.TestRunner" name="runScenario" time="0.514"/>
  <testcase classname="Runner.TestRunner" name="runScenario" time="0.389"/>
  <testcase classname="Runner.TestRunner" name="runScenario" time="0.307"/>
  <testcase classname="Runner.TestRunner" name="runScenario" time="2.423"/>
  <testcase classname="Runner.TestRunner" name="runScenario" time="0.571"/>
  <testcase classname="Runner.TestRunner" name="runScenario" time="0.342"/>
  <testcase classname="Runner.TestRunner" name="runScenario" time="2.373"/>
  <testcase classname="Runner.TestRunner" name="runScenario" time="0.258"/>
  <testcase classname="Runner.TestRunner" name="runScenario" time="2.388"/>
  <testcase classname="Runner.TestRunner" name="runScenario" time="0.447"/>
  <testcase classname="Runner.TestRunner" name="runScenario" time="0.263"/>
  <testcase classname="Runner.TestRunner" name="runScenario" time="0.270"/>
  <testcase classname="Runner.TestRunner" name="runScenario" time="0.403"/>
  <testcase classname="Runner.TestRunner" name="runScenario" time="2.406"/>
  <testcase classname="Runner.TestRunner" name="runScenario" time="2.533"/>
  <testcase classname="Runner.TestRunner" name="runScenario" time="2.586"/>
  <testcase classname="Runner.TestRunner" name="runScenario" time="2.398"/>
  <testcase classname="Runner.TestRunner" name="runScenario" time="0.566"/>
  <testcase classname="Runner.TestRunner" name="runScenario" time="2.421"/>
  <testcase classname="Runner.TestRunner" name="runScenario" time="0.433"/>
  <testcase classname="Runner.TestRunner" name="runScenario" time="0.295"/>
  <testcase classname="Runner.TestRunner" name="runScenario" time="0.559"/>
  <testcase classname="Runner.TestRunner" name="runScenario" time="0.379"/>
  <testcase classname="Runner.TestRunner" name="runScenario" time="0.390"/>
  <testcase classname="Runner.TestRunner" name="runScenario" time="0.435"/>
  <testcase classname="Runner.TestRunner" name="runScenario" time="0.456"/>
  <testcase classname="Runner.TestRunner" name="runScenario" time="0.440"/>
  <testcase classname="Runner.TestRunner" name="runScenario" time="2.423"/>
  <testcase classname="Runner.TestRunner" name="runScenario" time="0.433"/>
  <testcase classname="Runner.TestRunner" name="runScenario" time="2.416"/>
  <testcase classname="Runner.TestRunner" name="runScenario" time="0.571"/>
  <testcase classname="Runner.TestRunner" name="runScenario" time="2.412"/>
  <testcase classname="Runner.TestRunner" name="runScenario" time="0.452"/>
  <testcase classname="Runner.TestRunner" name="runScenario" time="2.432"/>
  <testcase classname="Runner.TestRunner" name="runScenario" time="0.271"/>
  <testcase classname="Runner.TestRunner" name="runScenario" time="2.415"/>
  <testcase classname="Runner.TestRunner" name="runScenario" time="0.792"/>
  <testcase classname="Runner.TestRunner" name="runScenario" time="2.410"/>
  <testcase classname="Runner.TestRunner" name="runScenario" time="0.365"/>
  <testcase classname="Runner.TestRunner" name="runScenario" time="0.824"/>
  <testcase classname="Runner.TestRunner" name="runScenario" time="0.605"/>
  <testcase classname="Runner.TestRunner" name="runScenario" time="2.394"/>
  <testcase classname="Runner.TestRunner" name="runScenario" time="0.259"/>
  <testcase classname="Runner.TestRunner" name="runScenario" time="0.248"/>
  <testcase classname="Runner.TestRunner" name="runScenario" time="0.323"/>
  <testcase classname="Runner.TestRunner" name="runScenario" time="0.281"/>
  <testcase classname="Runner.TestRunner" name="runScenario" time="0.842"/>
  <testcase classname="Runner.TestRunner" name="runScenario" time="0.585"/>
  <testcase classname="Runner.TestRunner" name="runScenario" time="2.418"/>
  <testcase classname="Runner.TestRunner" name="runScenario" time="0.381"/>
  <testcase classname="Runner.TestRunner" name="runScenario" time="0.576"/>
  <testcase classname="Runner.TestRunner" name="runScenario" time="0.272"/>
  <testcase classname="Runner.TestRunner" name="runScenario" time="1.731"/>
  <testcase classname="Runner.TestRunner" name="runScenario" time="2.421"/>
  <testcase classname="Runner.TestRunner" name="runScenario" time="0.282"/>
  <testcase classname="Runner.TestRunner" name="runScenario" time="0.560"/>
  <testcase classname="Runner.TestRunner" name="runScenario" time="0.313"/>
  <testcase classname="Runner.TestRunner" name="runScenario" time="2.418"/>
  <testcase classname="Runner.TestRunner" name="runScenario" time="0.622"/>
  <testcase classname="Runner.TestRunner" name="runScenario" time="0.372"/>
  <testcase classname="Runner.TestRunner" name="runScenario" time="2.406"/>
  <testcase classname="Runner.TestRunner" name="runScenario" time="0.585"/>
  <testcase classname="Runner.TestRunner" name="runScenario" time="0.526"/>
</testsuite> <!-- Runner.TestRunner -->
